  main.cpp
  Note: including lib: glut32.lib
  
e:\opengl-template\opengl-template\opengl-template\inc\gl\glut.h(135): warning C4005: 'GLUT_RGB': macro redefinition
  e:\opengl-template\opengl-template\opengl-template\inc\gl\freeglut_std.h(186): note: see previous definition of 'GLUT_RGB'
e:\opengl-template\opengl-template\opengl-template\inc\gl\glut.h(136): warning C4005: 'GLUT_RGBA': macro redefinition
  e:\opengl-template\opengl-template\opengl-template\inc\gl\freeglut_std.h(187): note: see previous definition of 'GLUT_RGBA'
e:\opengl-template\opengl-template\opengl-template\inc\gl\glut.h(137): warning C4005: 'GLUT_INDEX': macro redefinition
  e:\opengl-template\opengl-template\opengl-template\inc\gl\freeglut_std.h(188): note: see previous definition of 'GLUT_INDEX'
e:\opengl-template\opengl-template\opengl-template\inc\gl\glut.h(138): warning C4005: 'GLUT_SINGLE': macro redefinition
  e:\opengl-template\opengl-template\opengl-template\inc\gl\freeglut_std.h(189): note: see previous definition of 'GLUT_SINGLE'
e:\opengl-template\opengl-template\opengl-template\inc\gl\glut.h(139): warning C4005: 'GLUT_DOUBLE': macro redefinition
  e:\opengl-template\opengl-template\opengl-template\inc\gl\freeglut_std.h(190): note: see previous definition of 'GLUT_DOUBLE'
e:\opengl-template\opengl-template\opengl-template\inc\gl\glut.h(140): warning C4005: 'GLUT_ACCUM': macro redefinition
  e:\opengl-template\opengl-template\opengl-template\inc\gl\freeglut_std.h(191): note: see previous definition of 'GLUT_ACCUM'
e:\opengl-template\opengl-template\opengl-template\inc\gl\glut.h(141): warning C4005: 'GLUT_ALPHA': macro redefinition
  e:\opengl-template\opengl-template\opengl-template\inc\gl\freeglut_std.h(192): note: see previous definition of 'GLUT_ALPHA'
e:\opengl-template\opengl-template\opengl-template\inc\gl\glut.h(142): warning C4005: 'GLUT_DEPTH': macro redefinition
  e:\opengl-template\opengl-template\opengl-template\inc\gl\freeglut_std.h(193): note: see previous definition of 'GLUT_DEPTH'
e:\opengl-template\opengl-template\opengl-template\inc\gl\glut.h(143): warning C4005: 'GLUT_STENCIL': macro redefinition
  e:\opengl-template\opengl-template\opengl-template\inc\gl\freeglut_std.h(194): note: see previous definition of 'GLUT_STENCIL'
e:\opengl-template\opengl-template\opengl-template\inc\gl\glut.h(145): warning C4005: 'GLUT_MULTISAMPLE': macro redefinition
  e:\opengl-template\opengl-template\opengl-template\inc\gl\freeglut_std.h(195): note: see previous definition of 'GLUT_MULTISAMPLE'
e:\opengl-template\opengl-template\opengl-template\inc\gl\glut.h(146): warning C4005: 'GLUT_STEREO': macro redefinition
  e:\opengl-template\opengl-template\opengl-template\inc\gl\freeglut_std.h(196): note: see previous definition of 'GLUT_STEREO'
e:\opengl-template\opengl-template\opengl-template\inc\gl\glut.h(149): warning C4005: 'GLUT_LUMINANCE': macro redefinition
  e:\opengl-template\opengl-template\opengl-template\inc\gl\freeglut_std.h(197): note: see previous definition of 'GLUT_LUMINANCE'
e:\opengl-template\opengl-template\opengl-template\inc\gl\glut.h(153): warning C4005: 'GLUT_LEFT_BUTTON': macro redefinition
  e:\opengl-template\opengl-template\opengl-template\inc\gl\freeglut_std.h(175): note: see previous definition of 'GLUT_LEFT_BUTTON'
e:\opengl-template\opengl-template\opengl-template\inc\gl\glut.h(154): warning C4005: 'GLUT_MIDDLE_BUTTON': macro redefinition
  e:\opengl-template\opengl-template\opengl-template\inc\gl\freeglut_std.h(176): note: see previous definition of 'GLUT_MIDDLE_BUTTON'
e:\opengl-template\opengl-template\opengl-template\inc\gl\glut.h(155): warning C4005: 'GLUT_RIGHT_BUTTON': macro redefinition
  e:\opengl-template\opengl-template\opengl-template\inc\gl\freeglut_std.h(177): note: see previous definition of 'GLUT_RIGHT_BUTTON'
e:\opengl-template\opengl-template\opengl-template\inc\gl\glut.h(158): warning C4005: 'GLUT_DOWN': macro redefinition
  e:\opengl-template\opengl-template\opengl-template\inc\gl\freeglut_std.h(178): note: see previous definition of 'GLUT_DOWN'
e:\opengl-template\opengl-template\opengl-template\inc\gl\glut.h(159): warning C4005: 'GLUT_UP': macro redefinition
  e:\opengl-template\opengl-template\opengl-template\inc\gl\freeglut_std.h(179): note: see previous definition of 'GLUT_UP'
e:\opengl-template\opengl-template\opengl-template\inc\gl\glut.h(163): warning C4005: 'GLUT_KEY_F1': macro redefinition
  e:\opengl-template\opengl-template\opengl-template\inc\gl\freeglut_std.h(150): note: see previous definition of 'GLUT_KEY_F1'
e:\opengl-template\opengl-template\opengl-template\inc\gl\glut.h(164): warning C4005: 'GLUT_KEY_F2': macro redefinition
  e:\opengl-template\opengl-template\opengl-template\inc\gl\freeglut_std.h(151): note: see previous definition of 'GLUT_KEY_F2'
e:\opengl-template\opengl-template\opengl-template\inc\gl\glut.h(165): warning C4005: 'GLUT_KEY_F3': macro redefinition
  e:\opengl-template\opengl-template\opengl-template\inc\gl\freeglut_std.h(152): note: see previous definition of 'GLUT_KEY_F3'
e:\opengl-template\opengl-template\opengl-template\inc\gl\glut.h(166): warning C4005: 'GLUT_KEY_F4': macro redefinition
  e:\opengl-template\opengl-template\opengl-template\inc\gl\freeglut_std.h(153): note: see previous definition of 'GLUT_KEY_F4'
e:\opengl-template\opengl-template\opengl-template\inc\gl\glut.h(167): warning C4005: 'GLUT_KEY_F5': macro redefinition
  e:\opengl-template\opengl-template\opengl-template\inc\gl\freeglut_std.h(154): note: see previous definition of 'GLUT_KEY_F5'
e:\opengl-template\opengl-template\opengl-template\inc\gl\glut.h(168): warning C4005: 'GLUT_KEY_F6': macro redefinition
  e:\opengl-template\opengl-template\opengl-template\inc\gl\freeglut_std.h(155): note: see previous definition of 'GLUT_KEY_F6'
e:\opengl-template\opengl-template\opengl-template\inc\gl\glut.h(169): warning C4005: 'GLUT_KEY_F7': macro redefinition
  e:\opengl-template\opengl-template\opengl-template\inc\gl\freeglut_std.h(156): note: see previous definition of 'GLUT_KEY_F7'
e:\opengl-template\opengl-template\opengl-template\inc\gl\glut.h(170): warning C4005: 'GLUT_KEY_F8': macro redefinition
  e:\opengl-template\opengl-template\opengl-template\inc\gl\freeglut_std.h(157): note: see previous definition of 'GLUT_KEY_F8'
e:\opengl-template\opengl-template\opengl-template\inc\gl\glut.h(171): warning C4005: 'GLUT_KEY_F9': macro redefinition
  e:\opengl-template\opengl-template\opengl-template\inc\gl\freeglut_std.h(158): note: see previous definition of 'GLUT_KEY_F9'
e:\opengl-template\opengl-template\opengl-template\inc\gl\glut.h(172): warning C4005: 'GLUT_KEY_F10': macro redefinition
  e:\opengl-template\opengl-template\opengl-template\inc\gl\freeglut_std.h(159): note: see previous definition of 'GLUT_KEY_F10'
e:\opengl-template\opengl-template\opengl-template\inc\gl\glut.h(173): warning C4005: 'GLUT_KEY_F11': macro redefinition
  e:\opengl-template\opengl-template\opengl-template\inc\gl\freeglut_std.h(160): note: see previous definition of 'GLUT_KEY_F11'
e:\opengl-template\opengl-template\opengl-template\inc\gl\glut.h(174): warning C4005: 'GLUT_KEY_F12': macro redefinition
  e:\opengl-template\opengl-template\opengl-template\inc\gl\freeglut_std.h(161): note: see previous definition of 'GLUT_KEY_F12'
e:\opengl-template\opengl-template\opengl-template\inc\gl\glut.h(176): warning C4005: 'GLUT_KEY_LEFT': macro redefinition
  e:\opengl-template\opengl-template\opengl-template\inc\gl\freeglut_std.h(162): note: see previous definition of 'GLUT_KEY_LEFT'
e:\opengl-template\opengl-template\opengl-template\inc\gl\glut.h(177): warning C4005: 'GLUT_KEY_UP': macro redefinition
  e:\opengl-template\opengl-template\opengl-template\inc\gl\freeglut_std.h(163): note: see previous definition of 'GLUT_KEY_UP'
e:\opengl-template\opengl-template\opengl-template\inc\gl\glut.h(178): warning C4005: 'GLUT_KEY_RIGHT': macro redefinition
  e:\opengl-template\opengl-template\opengl-template\inc\gl\freeglut_std.h(164): note: see previous definition of 'GLUT_KEY_RIGHT'
e:\opengl-template\opengl-template\opengl-template\inc\gl\glut.h(179): warning C4005: 'GLUT_KEY_DOWN': macro redefinition
  e:\opengl-template\opengl-template\opengl-template\inc\gl\freeglut_std.h(165): note: see previous definition of 'GLUT_KEY_DOWN'
e:\opengl-template\opengl-template\opengl-template\inc\gl\glut.h(180): warning C4005: 'GLUT_KEY_PAGE_UP': macro redefinition
  e:\opengl-template\opengl-template\opengl-template\inc\gl\freeglut_std.h(166): note: see previous definition of 'GLUT_KEY_PAGE_UP'
e:\opengl-template\opengl-template\opengl-template\inc\gl\glut.h(181): warning C4005: 'GLUT_KEY_PAGE_DOWN': macro redefinition
  e:\opengl-template\opengl-template\opengl-template\inc\gl\freeglut_std.h(167): note: see previous definition of 'GLUT_KEY_PAGE_DOWN'
e:\opengl-template\opengl-template\opengl-template\inc\gl\glut.h(182): warning C4005: 'GLUT_KEY_HOME': macro redefinition
  e:\opengl-template\opengl-template\opengl-template\inc\gl\freeglut_std.h(168): note: see previous definition of 'GLUT_KEY_HOME'
e:\opengl-template\opengl-template\opengl-template\inc\gl\glut.h(183): warning C4005: 'GLUT_KEY_END': macro redefinition
  e:\opengl-template\opengl-template\opengl-template\inc\gl\freeglut_std.h(169): note: see previous definition of 'GLUT_KEY_END'
e:\opengl-template\opengl-template\opengl-template\inc\gl\glut.h(184): warning C4005: 'GLUT_KEY_INSERT': macro redefinition
  e:\opengl-template\opengl-template\opengl-template\inc\gl\freeglut_std.h(170): note: see previous definition of 'GLUT_KEY_INSERT'
e:\opengl-template\opengl-template\opengl-template\inc\gl\glut.h(188): warning C4005: 'GLUT_LEFT': macro redefinition
  e:\opengl-template\opengl-template\opengl-template\inc\gl\freeglut_std.h(180): note: see previous definition of 'GLUT_LEFT'
e:\opengl-template\opengl-template\opengl-template\inc\gl\glut.h(189): warning C4005: 'GLUT_ENTERED': macro redefinition
  e:\opengl-template\opengl-template\opengl-template\inc\gl\freeglut_std.h(181): note: see previous definition of 'GLUT_ENTERED'
e:\opengl-template\opengl-template\opengl-template\inc\gl\glut.h(192): warning C4005: 'GLUT_MENU_NOT_IN_USE': macro redefinition
  e:\opengl-template\opengl-template\opengl-template\inc\gl\freeglut_std.h(202): note: see previous definition of 'GLUT_MENU_NOT_IN_USE'
e:\opengl-template\opengl-template\opengl-template\inc\gl\glut.h(193): warning C4005: 'GLUT_MENU_IN_USE': macro redefinition
  e:\opengl-template\opengl-template\opengl-template\inc\gl\freeglut_std.h(203): note: see previous definition of 'GLUT_MENU_IN_USE'
e:\opengl-template\opengl-template\opengl-template\inc\gl\glut.h(196): warning C4005: 'GLUT_NOT_VISIBLE': macro redefinition
  e:\opengl-template\opengl-template\opengl-template\inc\gl\freeglut_std.h(204): note: see previous definition of 'GLUT_NOT_VISIBLE'
e:\opengl-template\opengl-template\opengl-template\inc\gl\glut.h(197): warning C4005: 'GLUT_VISIBLE': macro redefinition
  e:\opengl-template\opengl-template\opengl-template\inc\gl\freeglut_std.h(205): note: see previous definition of 'GLUT_VISIBLE'
e:\opengl-template\opengl-template\opengl-template\inc\gl\glut.h(200): warning C4005: 'GLUT_HIDDEN': macro redefinition
  e:\opengl-template\opengl-template\opengl-template\inc\gl\freeglut_std.h(206): note: see previous definition of 'GLUT_HIDDEN'
e:\opengl-template\opengl-template\opengl-template\inc\gl\glut.h(201): warning C4005: 'GLUT_FULLY_RETAINED': macro redefinition
  e:\opengl-template\opengl-template\opengl-template\inc\gl\freeglut_std.h(207): note: see previous definition of 'GLUT_FULLY_RETAINED'
e:\opengl-template\opengl-template\opengl-template\inc\gl\glut.h(202): warning C4005: 'GLUT_PARTIALLY_RETAINED': macro redefinition
  e:\opengl-template\opengl-template\opengl-template\inc\gl\freeglut_std.h(208): note: see previous definition of 'GLUT_PARTIALLY_RETAINED'
e:\opengl-template\opengl-template\opengl-template\inc\gl\glut.h(203): warning C4005: 'GLUT_FULLY_COVERED': macro redefinition
  e:\opengl-template\opengl-template\opengl-template\inc\gl\freeglut_std.h(209): note: see previous definition of 'GLUT_FULLY_COVERED'
e:\opengl-template\opengl-template\opengl-template\inc\gl\glut.h(206): warning C4005: 'GLUT_RED': macro redefinition
  e:\opengl-template\opengl-template\opengl-template\inc\gl\freeglut_std.h(383): note: see previous definition of 'GLUT_RED'
e:\opengl-template\opengl-template\opengl-template\inc\gl\glut.h(207): warning C4005: 'GLUT_GREEN': macro redefinition
  e:\opengl-template\opengl-template\opengl-template\inc\gl\freeglut_std.h(384): note: see previous definition of 'GLUT_GREEN'
e:\opengl-template\opengl-template\opengl-template\inc\gl\glut.h(208): warning C4005: 'GLUT_BLUE': macro redefinition
  e:\opengl-template\opengl-template\opengl-template\inc\gl\freeglut_std.h(385): note: see previous definition of 'GLUT_BLUE'
e:\opengl-template\opengl-template\opengl-template\inc\gl\glut.h(211): warning C4005: 'GLUT_NORMAL': macro redefinition
  e:\opengl-template\opengl-template\opengl-template\inc\gl\freeglut_std.h(343): note: see previous definition of 'GLUT_NORMAL'
e:\opengl-template\opengl-template\opengl-template\inc\gl\glut.h(212): warning C4005: 'GLUT_OVERLAY': macro redefinition
  e:\opengl-template\opengl-template\opengl-template\inc\gl\freeglut_std.h(344): note: see previous definition of 'GLUT_OVERLAY'
e:\opengl-template\opengl-template\opengl-template\inc\gl\glut.h(216): warning C4005: 'GLUT_STROKE_ROMAN': macro redefinition
  e:\opengl-template\opengl-template\opengl-template\inc\gl\freeglut_std.h(217): note: see previous definition of 'GLUT_STROKE_ROMAN'
e:\opengl-template\opengl-template\opengl-template\inc\gl\glut.h(217): warning C4005: 'GLUT_STROKE_MONO_ROMAN': macro redefinition
  e:\opengl-template\opengl-template\opengl-template\inc\gl\freeglut_std.h(218): note: see previous definition of 'GLUT_STROKE_MONO_ROMAN'
e:\opengl-template\opengl-template\opengl-template\inc\gl\glut.h(220): warning C4005: 'GLUT_BITMAP_9_BY_15': macro redefinition
  e:\opengl-template\opengl-template\opengl-template\inc\gl\freeglut_std.h(219): note: see previous definition of 'GLUT_BITMAP_9_BY_15'
e:\opengl-template\opengl-template\opengl-template\inc\gl\glut.h(221): warning C4005: 'GLUT_BITMAP_8_BY_13': macro redefinition
  e:\opengl-template\opengl-template\opengl-template\inc\gl\freeglut_std.h(220): note: see previous definition of 'GLUT_BITMAP_8_BY_13'
e:\opengl-template\opengl-template\opengl-template\inc\gl\glut.h(222): warning C4005: 'GLUT_BITMAP_TIMES_ROMAN_10': macro redefinition
  e:\opengl-template\opengl-template\opengl-template\inc\gl\freeglut_std.h(221): note: see previous definition of 'GLUT_BITMAP_TIMES_ROMAN_10'
e:\opengl-template\opengl-template\opengl-template\inc\gl\glut.h(223): warning C4005: 'GLUT_BITMAP_TIMES_ROMAN_24': macro redefinition
  e:\opengl-template\opengl-template\opengl-template\inc\gl\freeglut_std.h(222): note: see previous definition of 'GLUT_BITMAP_TIMES_ROMAN_24'
e:\opengl-template\opengl-template\opengl-template\inc\gl\glut.h(225): warning C4005: 'GLUT_BITMAP_HELVETICA_10': macro redefinition
  e:\opengl-template\opengl-template\opengl-template\inc\gl\freeglut_std.h(223): note: see previous definition of 'GLUT_BITMAP_HELVETICA_10'
e:\opengl-template\opengl-template\opengl-template\inc\gl\glut.h(226): warning C4005: 'GLUT_BITMAP_HELVETICA_12': macro redefinition
  e:\opengl-template\opengl-template\opengl-template\inc\gl\freeglut_std.h(224): note: see previous definition of 'GLUT_BITMAP_HELVETICA_12'
e:\opengl-template\opengl-template\opengl-template\inc\gl\glut.h(227): warning C4005: 'GLUT_BITMAP_HELVETICA_18': macro redefinition
  e:\opengl-template\opengl-template\opengl-template\inc\gl\freeglut_std.h(225): note: see previous definition of 'GLUT_BITMAP_HELVETICA_18'
e:\opengl-template\opengl-template\opengl-template\inc\gl\glut.h(260): warning C4005: 'GLUT_WINDOW_X': macro redefinition
  e:\opengl-template\opengl-template\opengl-template\inc\gl\freeglut_std.h(257): note: see previous definition of 'GLUT_WINDOW_X'
e:\opengl-template\opengl-template\opengl-template\inc\gl\glut.h(261): warning C4005: 'GLUT_WINDOW_Y': macro redefinition
  e:\opengl-template\opengl-template\opengl-template\inc\gl\freeglut_std.h(258): note: see previous definition of 'GLUT_WINDOW_Y'
e:\opengl-template\opengl-template\opengl-template\inc\gl\glut.h(262): warning C4005: 'GLUT_WINDOW_WIDTH': macro redefinition
  e:\opengl-template\opengl-template\opengl-template\inc\gl\freeglut_std.h(259): note: see previous definition of 'GLUT_WINDOW_WIDTH'
e:\opengl-template\opengl-template\opengl-template\inc\gl\glut.h(263): warning C4005: 'GLUT_WINDOW_HEIGHT': macro redefinition
  e:\opengl-template\opengl-template\opengl-template\inc\gl\freeglut_std.h(260): note: see previous definition of 'GLUT_WINDOW_HEIGHT'
e:\opengl-template\opengl-template\opengl-template\inc\gl\glut.h(264): warning C4005: 'GLUT_WINDOW_BUFFER_SIZE': macro redefinition
  e:\opengl-template\opengl-template\opengl-template\inc\gl\freeglut_std.h(261): note: see previous definition of 'GLUT_WINDOW_BUFFER_SIZE'
e:\opengl-template\opengl-template\opengl-template\inc\gl\glut.h(265): warning C4005: 'GLUT_WINDOW_STENCIL_SIZE': macro redefinition
  e:\opengl-template\opengl-template\opengl-template\inc\gl\freeglut_std.h(262): note: see previous definition of 'GLUT_WINDOW_STENCIL_SIZE'
e:\opengl-template\opengl-template\opengl-template\inc\gl\glut.h(266): warning C4005: 'GLUT_WINDOW_DEPTH_SIZE': macro redefinition
  e:\opengl-template\opengl-template\opengl-template\inc\gl\freeglut_std.h(263): note: see previous definition of 'GLUT_WINDOW_DEPTH_SIZE'
e:\opengl-template\opengl-template\opengl-template\inc\gl\glut.h(267): warning C4005: 'GLUT_WINDOW_RED_SIZE': macro redefinition
  e:\opengl-template\opengl-template\opengl-template\inc\gl\freeglut_std.h(264): note: see previous definition of 'GLUT_WINDOW_RED_SIZE'
e:\opengl-template\opengl-template\opengl-template\inc\gl\glut.h(268): warning C4005: 'GLUT_WINDOW_GREEN_SIZE': macro redefinition
  e:\opengl-template\opengl-template\opengl-template\inc\gl\freeglut_std.h(265): note: see previous definition of 'GLUT_WINDOW_GREEN_SIZE'
e:\opengl-template\opengl-template\opengl-template\inc\gl\glut.h(269): warning C4005: 'GLUT_WINDOW_BLUE_SIZE': macro redefinition
  e:\opengl-template\opengl-template\opengl-template\inc\gl\freeglut_std.h(266): note: see previous definition of 'GLUT_WINDOW_BLUE_SIZE'
e:\opengl-template\opengl-template\opengl-template\inc\gl\glut.h(270): warning C4005: 'GLUT_WINDOW_ALPHA_SIZE': macro redefinition
  e:\opengl-template\opengl-template\opengl-template\inc\gl\freeglut_std.h(267): note: see previous definition of 'GLUT_WINDOW_ALPHA_SIZE'
e:\opengl-template\opengl-template\opengl-template\inc\gl\glut.h(271): warning C4005: 'GLUT_WINDOW_ACCUM_RED_SIZE': macro redefinition
  e:\opengl-template\opengl-template\opengl-template\inc\gl\freeglut_std.h(268): note: see previous definition of 'GLUT_WINDOW_ACCUM_RED_SIZE'
e:\opengl-template\opengl-template\opengl-template\inc\gl\glut.h(272): warning C4005: 'GLUT_WINDOW_ACCUM_GREEN_SIZE': macro redefinition
  e:\opengl-template\opengl-template\opengl-template\inc\gl\freeglut_std.h(269): note: see previous definition of 'GLUT_WINDOW_ACCUM_GREEN_SIZE'
e:\opengl-template\opengl-template\opengl-template\inc\gl\glut.h(273): warning C4005: 'GLUT_WINDOW_ACCUM_BLUE_SIZE': macro redefinition
  e:\opengl-template\opengl-template\opengl-template\inc\gl\freeglut_std.h(270): note: see previous definition of 'GLUT_WINDOW_ACCUM_BLUE_SIZE'
e:\opengl-template\opengl-template\opengl-template\inc\gl\glut.h(274): warning C4005: 'GLUT_WINDOW_ACCUM_ALPHA_SIZE': macro redefinition
  e:\opengl-template\opengl-template\opengl-template\inc\gl\freeglut_std.h(271): note: see previous definition of 'GLUT_WINDOW_ACCUM_ALPHA_SIZE'
e:\opengl-template\opengl-template\opengl-template\inc\gl\glut.h(275): warning C4005: 'GLUT_WINDOW_DOUBLEBUFFER': macro redefinition
  e:\opengl-template\opengl-template\opengl-template\inc\gl\freeglut_std.h(272): note: see previous definition of 'GLUT_WINDOW_DOUBLEBUFFER'
e:\opengl-template\opengl-template\opengl-template\inc\gl\glut.h(276): warning C4005: 'GLUT_WINDOW_RGBA': macro redefinition
  e:\opengl-template\opengl-template\opengl-template\inc\gl\freeglut_std.h(273): note: see previous definition of 'GLUT_WINDOW_RGBA'
e:\opengl-template\opengl-template\opengl-template\inc\gl\glut.h(277): warning C4005: 'GLUT_WINDOW_PARENT': macro redefinition
  e:\opengl-template\opengl-template\opengl-template\inc\gl\freeglut_std.h(274): note: see previous definition of 'GLUT_WINDOW_PARENT'
e:\opengl-template\opengl-template\opengl-template\inc\gl\glut.h(278): warning C4005: 'GLUT_WINDOW_NUM_CHILDREN': macro redefinition
  e:\opengl-template\opengl-template\opengl-template\inc\gl\freeglut_std.h(275): note: see previous definition of 'GLUT_WINDOW_NUM_CHILDREN'
e:\opengl-template\opengl-template\opengl-template\inc\gl\glut.h(279): warning C4005: 'GLUT_WINDOW_COLORMAP_SIZE': macro redefinition
  e:\opengl-template\opengl-template\opengl-template\inc\gl\freeglut_std.h(276): note: see previous definition of 'GLUT_WINDOW_COLORMAP_SIZE'
e:\opengl-template\opengl-template\opengl-template\inc\gl\glut.h(281): warning C4005: 'GLUT_WINDOW_NUM_SAMPLES': macro redefinition
  e:\opengl-template\opengl-template\opengl-template\inc\gl\freeglut_std.h(277): note: see previous definition of 'GLUT_WINDOW_NUM_SAMPLES'
e:\opengl-template\opengl-template\opengl-template\inc\gl\glut.h(282): warning C4005: 'GLUT_WINDOW_STEREO': macro redefinition
  e:\opengl-template\opengl-template\opengl-template\inc\gl\freeglut_std.h(278): note: see previous definition of 'GLUT_WINDOW_STEREO'
e:\opengl-template\opengl-template\opengl-template\inc\gl\glut.h(285): warning C4005: 'GLUT_WINDOW_CURSOR': macro redefinition
  e:\opengl-template\opengl-template\opengl-template\inc\gl\freeglut_std.h(279): note: see previous definition of 'GLUT_WINDOW_CURSOR'
e:\opengl-template\opengl-template\opengl-template\inc\gl\glut.h(287): warning C4005: 'GLUT_SCREEN_WIDTH': macro redefinition
  e:\opengl-template\opengl-template\opengl-template\inc\gl\freeglut_std.h(281): note: see previous definition of 'GLUT_SCREEN_WIDTH'
e:\opengl-template\opengl-template\opengl-template\inc\gl\glut.h(288): warning C4005: 'GLUT_SCREEN_HEIGHT': macro redefinition
  e:\opengl-template\opengl-template\opengl-template\inc\gl\freeglut_std.h(282): note: see previous definition of 'GLUT_SCREEN_HEIGHT'
e:\opengl-template\opengl-template\opengl-template\inc\gl\glut.h(289): warning C4005: 'GLUT_SCREEN_WIDTH_MM': macro redefinition
  e:\opengl-template\opengl-template\opengl-template\inc\gl\freeglut_std.h(283): note: see previous definition of 'GLUT_SCREEN_WIDTH_MM'
e:\opengl-template\opengl-template\opengl-template\inc\gl\glut.h(290): warning C4005: 'GLUT_SCREEN_HEIGHT_MM': macro redefinition
  e:\opengl-template\opengl-template\opengl-template\inc\gl\freeglut_std.h(284): note: see previous definition of 'GLUT_SCREEN_HEIGHT_MM'
e:\opengl-template\opengl-template\opengl-template\inc\gl\glut.h(291): warning C4005: 'GLUT_MENU_NUM_ITEMS': macro redefinition
  e:\opengl-template\opengl-template\opengl-template\inc\gl\freeglut_std.h(285): note: see previous definition of 'GLUT_MENU_NUM_ITEMS'
e:\opengl-template\opengl-template\opengl-template\inc\gl\glut.h(292): warning C4005: 'GLUT_DISPLAY_MODE_POSSIBLE': macro redefinition
  e:\opengl-template\opengl-template\opengl-template\inc\gl\freeglut_std.h(286): note: see previous definition of 'GLUT_DISPLAY_MODE_POSSIBLE'
e:\opengl-template\opengl-template\opengl-template\inc\gl\glut.h(293): warning C4005: 'GLUT_INIT_WINDOW_X': macro redefinition
  e:\opengl-template\opengl-template\opengl-template\inc\gl\freeglut_std.h(287): note: see previous definition of 'GLUT_INIT_WINDOW_X'
e:\opengl-template\opengl-template\opengl-template\inc\gl\glut.h(294): warning C4005: 'GLUT_INIT_WINDOW_Y': macro redefinition
  e:\opengl-template\opengl-template\opengl-template\inc\gl\freeglut_std.h(288): note: see previous definition of 'GLUT_INIT_WINDOW_Y'
e:\opengl-template\opengl-template\opengl-template\inc\gl\glut.h(295): warning C4005: 'GLUT_INIT_WINDOW_WIDTH': macro redefinition
  e:\opengl-template\opengl-template\opengl-template\inc\gl\freeglut_std.h(289): note: see previous definition of 'GLUT_INIT_WINDOW_WIDTH'
e:\opengl-template\opengl-template\opengl-template\inc\gl\glut.h(296): warning C4005: 'GLUT_INIT_WINDOW_HEIGHT': macro redefinition
  e:\opengl-template\opengl-template\opengl-template\inc\gl\freeglut_std.h(290): note: see previous definition of 'GLUT_INIT_WINDOW_HEIGHT'
e:\opengl-template\opengl-template\opengl-template\inc\gl\glut.h(297): warning C4005: 'GLUT_INIT_DISPLAY_MODE': macro redefinition
  e:\opengl-template\opengl-template\opengl-template\inc\gl\freeglut_std.h(291): note: see previous definition of 'GLUT_INIT_DISPLAY_MODE'
e:\opengl-template\opengl-template\opengl-template\inc\gl\glut.h(299): warning C4005: 'GLUT_ELAPSED_TIME': macro redefinition
  e:\opengl-template\opengl-template\opengl-template\inc\gl\freeglut_std.h(292): note: see previous definition of 'GLUT_ELAPSED_TIME'
e:\opengl-template\opengl-template\opengl-template\inc\gl\glut.h(302): warning C4005: 'GLUT_WINDOW_FORMAT_ID': macro redefinition
  e:\opengl-template\opengl-template\opengl-template\inc\gl\freeglut_std.h(293): note: see previous definition of 'GLUT_WINDOW_FORMAT_ID'
e:\opengl-template\opengl-template\opengl-template\inc\gl\glut.h(307): warning C4005: 'GLUT_HAS_KEYBOARD': macro redefinition
  e:\opengl-template\opengl-template\opengl-template\inc\gl\freeglut_std.h(298): note: see previous definition of 'GLUT_HAS_KEYBOARD'
e:\opengl-template\opengl-template\opengl-template\inc\gl\glut.h(308): warning C4005: 'GLUT_HAS_MOUSE': macro redefinition
  e:\opengl-template\opengl-template\opengl-template\inc\gl\freeglut_std.h(299): note: see previous definition of 'GLUT_HAS_MOUSE'
e:\opengl-template\opengl-template\opengl-template\inc\gl\glut.h(309): warning C4005: 'GLUT_HAS_SPACEBALL': macro redefinition
  e:\opengl-template\opengl-template\opengl-template\inc\gl\freeglut_std.h(300): note: see previous definition of 'GLUT_HAS_SPACEBALL'
e:\opengl-template\opengl-template\opengl-template\inc\gl\glut.h(310): warning C4005: 'GLUT_HAS_DIAL_AND_BUTTON_BOX': macro redefinition
  e:\opengl-template\opengl-template\opengl-template\inc\gl\freeglut_std.h(301): note: see previous definition of 'GLUT_HAS_DIAL_AND_BUTTON_BOX'
e:\opengl-template\opengl-template\opengl-template\inc\gl\glut.h(311): warning C4005: 'GLUT_HAS_TABLET': macro redefinition
  e:\opengl-template\opengl-template\opengl-template\inc\gl\freeglut_std.h(302): note: see previous definition of 'GLUT_HAS_TABLET'
e:\opengl-template\opengl-template\opengl-template\inc\gl\glut.h(312): warning C4005: 'GLUT_NUM_MOUSE_BUTTONS': macro redefinition
  e:\opengl-template\opengl-template\opengl-template\inc\gl\freeglut_std.h(303): note: see previous definition of 'GLUT_NUM_MOUSE_BUTTONS'
e:\opengl-template\opengl-template\opengl-template\inc\gl\glut.h(313): warning C4005: 'GLUT_NUM_SPACEBALL_BUTTONS': macro redefinition
  e:\opengl-template\opengl-template\opengl-template\inc\gl\freeglut_std.h(304): note: see previous definition of 'GLUT_NUM_SPACEBALL_BUTTONS'
e:\opengl-template\opengl-template\opengl-template\inc\gl\glut.h(314): warning C4005: 'GLUT_NUM_BUTTON_BOX_BUTTONS': macro redefinition
  e:\opengl-template\opengl-template\opengl-template\inc\gl\freeglut_std.h(305): note: see previous definition of 'GLUT_NUM_BUTTON_BOX_BUTTONS'
e:\opengl-template\opengl-template\opengl-template\inc\gl\glut.h(315): warning C4005: 'GLUT_NUM_DIALS': macro redefinition
  e:\opengl-template\opengl-template\opengl-template\inc\gl\freeglut_std.h(306): note: see previous definition of 'GLUT_NUM_DIALS'
e:\opengl-template\opengl-template\opengl-template\inc\gl\glut.h(316): warning C4005: 'GLUT_NUM_TABLET_BUTTONS': macro redefinition
  e:\opengl-template\opengl-template\opengl-template\inc\gl\freeglut_std.h(307): note: see previous definition of 'GLUT_NUM_TABLET_BUTTONS'
e:\opengl-template\opengl-template\opengl-template\inc\gl\glut.h(319): warning C4005: 'GLUT_DEVICE_IGNORE_KEY_REPEAT': macro redefinition
  e:\opengl-template\opengl-template\opengl-template\inc\gl\freeglut_std.h(308): note: see previous definition of 'GLUT_DEVICE_IGNORE_KEY_REPEAT'
e:\opengl-template\opengl-template\opengl-template\inc\gl\glut.h(320): warning C4005: 'GLUT_DEVICE_KEY_REPEAT': macro redefinition
  e:\opengl-template\opengl-template\opengl-template\inc\gl\freeglut_std.h(309): note: see previous definition of 'GLUT_DEVICE_KEY_REPEAT'
e:\opengl-template\opengl-template\opengl-template\inc\gl\glut.h(321): warning C4005: 'GLUT_HAS_JOYSTICK': macro redefinition
  e:\opengl-template\opengl-template\opengl-template\inc\gl\freeglut_std.h(310): note: see previous definition of 'GLUT_HAS_JOYSTICK'
e:\opengl-template\opengl-template\opengl-template\inc\gl\glut.h(322): warning C4005: 'GLUT_OWNS_JOYSTICK': macro redefinition
  e:\opengl-template\opengl-template\opengl-template\inc\gl\freeglut_std.h(311): note: see previous definition of 'GLUT_OWNS_JOYSTICK'
e:\opengl-template\opengl-template\opengl-template\inc\gl\glut.h(323): warning C4005: 'GLUT_JOYSTICK_BUTTONS': macro redefinition
  e:\opengl-template\opengl-template\opengl-template\inc\gl\freeglut_std.h(312): note: see previous definition of 'GLUT_JOYSTICK_BUTTONS'
e:\opengl-template\opengl-template\opengl-template\inc\gl\glut.h(324): warning C4005: 'GLUT_JOYSTICK_AXES': macro redefinition
  e:\opengl-template\opengl-template\opengl-template\inc\gl\freeglut_std.h(313): note: see previous definition of 'GLUT_JOYSTICK_AXES'
e:\opengl-template\opengl-template\opengl-template\inc\gl\glut.h(325): warning C4005: 'GLUT_JOYSTICK_POLL_RATE': macro redefinition
  e:\opengl-template\opengl-template\opengl-template\inc\gl\freeglut_std.h(314): note: see previous definition of 'GLUT_JOYSTICK_POLL_RATE'
e:\opengl-template\opengl-template\opengl-template\inc\gl\glut.h(330): warning C4005: 'GLUT_OVERLAY_POSSIBLE': macro redefinition
  e:\opengl-template\opengl-template\opengl-template\inc\gl\freeglut_std.h(319): note: see previous definition of 'GLUT_OVERLAY_POSSIBLE'
e:\opengl-template\opengl-template\opengl-template\inc\gl\glut.h(331): warning C4005: 'GLUT_LAYER_IN_USE': macro redefinition
  e:\opengl-template\opengl-template\opengl-template\inc\gl\freeglut_std.h(320): note: see previous definition of 'GLUT_LAYER_IN_USE'
e:\opengl-template\opengl-template\opengl-template\inc\gl\glut.h(332): warning C4005: 'GLUT_HAS_OVERLAY': macro redefinition
  e:\opengl-template\opengl-template\opengl-template\inc\gl\freeglut_std.h(321): note: see previous definition of 'GLUT_HAS_OVERLAY'
e:\opengl-template\opengl-template\opengl-template\inc\gl\glut.h(333): warning C4005: 'GLUT_TRANSPARENT_INDEX': macro redefinition
  e:\opengl-template\opengl-template\opengl-template\inc\gl\freeglut_std.h(322): note: see previous definition of 'GLUT_TRANSPARENT_INDEX'
e:\opengl-template\opengl-template\opengl-template\inc\gl\glut.h(334): warning C4005: 'GLUT_NORMAL_DAMAGED': macro redefinition
  e:\opengl-template\opengl-template\opengl-template\inc\gl\freeglut_std.h(323): note: see previous definition of 'GLUT_NORMAL_DAMAGED'
e:\opengl-template\opengl-template\opengl-template\inc\gl\glut.h(335): warning C4005: 'GLUT_OVERLAY_DAMAGED': macro redefinition
  e:\opengl-template\opengl-template\opengl-template\inc\gl\freeglut_std.h(324): note: see previous definition of 'GLUT_OVERLAY_DAMAGED'
e:\opengl-template\opengl-template\opengl-template\inc\gl\glut.h(339): warning C4005: 'GLUT_VIDEO_RESIZE_POSSIBLE': macro redefinition
  e:\opengl-template\opengl-template\opengl-template\inc\gl\freeglut_std.h(329): note: see previous definition of 'GLUT_VIDEO_RESIZE_POSSIBLE'
e:\opengl-template\opengl-template\opengl-template\inc\gl\glut.h(340): warning C4005: 'GLUT_VIDEO_RESIZE_IN_USE': macro redefinition
  e:\opengl-template\opengl-template\opengl-template\inc\gl\freeglut_std.h(330): note: see previous definition of 'GLUT_VIDEO_RESIZE_IN_USE'
e:\opengl-template\opengl-template\opengl-template\inc\gl\glut.h(341): warning C4005: 'GLUT_VIDEO_RESIZE_X_DELTA': macro redefinition
  e:\opengl-template\opengl-template\opengl-template\inc\gl\freeglut_std.h(331): note: see previous definition of 'GLUT_VIDEO_RESIZE_X_DELTA'
e:\opengl-template\opengl-template\opengl-template\inc\gl\glut.h(342): warning C4005: 'GLUT_VIDEO_RESIZE_Y_DELTA': macro redefinition
  e:\opengl-template\opengl-template\opengl-template\inc\gl\freeglut_std.h(332): note: see previous definition of 'GLUT_VIDEO_RESIZE_Y_DELTA'
e:\opengl-template\opengl-template\opengl-template\inc\gl\glut.h(343): warning C4005: 'GLUT_VIDEO_RESIZE_WIDTH_DELTA': macro redefinition
  e:\opengl-template\opengl-template\opengl-template\inc\gl\freeglut_std.h(333): note: see previous definition of 'GLUT_VIDEO_RESIZE_WIDTH_DELTA'
e:\opengl-template\opengl-template\opengl-template\inc\gl\glut.h(344): warning C4005: 'GLUT_VIDEO_RESIZE_HEIGHT_DELTA': macro redefinition
  e:\opengl-template\opengl-template\opengl-template\inc\gl\freeglut_std.h(334): note: see previous definition of 'GLUT_VIDEO_RESIZE_HEIGHT_DELTA'
e:\opengl-template\opengl-template\opengl-template\inc\gl\glut.h(345): warning C4005: 'GLUT_VIDEO_RESIZE_X': macro redefinition
  e:\opengl-template\opengl-template\opengl-template\inc\gl\freeglut_std.h(335): note: see previous definition of 'GLUT_VIDEO_RESIZE_X'
e:\opengl-template\opengl-template\opengl-template\inc\gl\glut.h(346): warning C4005: 'GLUT_VIDEO_RESIZE_Y': macro redefinition
  e:\opengl-template\opengl-template\opengl-template\inc\gl\freeglut_std.h(336): note: see previous definition of 'GLUT_VIDEO_RESIZE_Y'
e:\opengl-template\opengl-template\opengl-template\inc\gl\glut.h(347): warning C4005: 'GLUT_VIDEO_RESIZE_WIDTH': macro redefinition
  e:\opengl-template\opengl-template\opengl-template\inc\gl\freeglut_std.h(337): note: see previous definition of 'GLUT_VIDEO_RESIZE_WIDTH'
e:\opengl-template\opengl-template\opengl-template\inc\gl\glut.h(348): warning C4005: 'GLUT_VIDEO_RESIZE_HEIGHT': macro redefinition
  e:\opengl-template\opengl-template\opengl-template\inc\gl\freeglut_std.h(338): note: see previous definition of 'GLUT_VIDEO_RESIZE_HEIGHT'
e:\opengl-template\opengl-template\opengl-template\inc\gl\glut.h(356): warning C4005: 'GLUT_ACTIVE_SHIFT': macro redefinition
  e:\opengl-template\opengl-template\opengl-template\inc\gl\freeglut_std.h(349): note: see previous definition of 'GLUT_ACTIVE_SHIFT'
e:\opengl-template\opengl-template\opengl-template\inc\gl\glut.h(357): warning C4005: 'GLUT_ACTIVE_CTRL': macro redefinition
  e:\opengl-template\opengl-template\opengl-template\inc\gl\freeglut_std.h(350): note: see previous definition of 'GLUT_ACTIVE_CTRL'
e:\opengl-template\opengl-template\opengl-template\inc\gl\glut.h(358): warning C4005: 'GLUT_ACTIVE_ALT': macro redefinition
  e:\opengl-template\opengl-template\opengl-template\inc\gl\freeglut_std.h(351): note: see previous definition of 'GLUT_ACTIVE_ALT'
e:\opengl-template\opengl-template\opengl-template\inc\gl\glut.h(362): warning C4005: 'GLUT_CURSOR_RIGHT_ARROW': macro redefinition
  e:\opengl-template\opengl-template\opengl-template\inc\gl\freeglut_std.h(356): note: see previous definition of 'GLUT_CURSOR_RIGHT_ARROW'
e:\opengl-template\opengl-template\opengl-template\inc\gl\glut.h(363): warning C4005: 'GLUT_CURSOR_LEFT_ARROW': macro redefinition
  e:\opengl-template\opengl-template\opengl-template\inc\gl\freeglut_std.h(357): note: see previous definition of 'GLUT_CURSOR_LEFT_ARROW'
e:\opengl-template\opengl-template\opengl-template\inc\gl\glut.h(365): warning C4005: 'GLUT_CURSOR_INFO': macro redefinition
  e:\opengl-template\opengl-template\opengl-template\inc\gl\freeglut_std.h(358): note: see previous definition of 'GLUT_CURSOR_INFO'
e:\opengl-template\opengl-template\opengl-template\inc\gl\glut.h(366): warning C4005: 'GLUT_CURSOR_DESTROY': macro redefinition
  e:\opengl-template\opengl-template\opengl-template\inc\gl\freeglut_std.h(359): note: see previous definition of 'GLUT_CURSOR_DESTROY'
e:\opengl-template\opengl-template\opengl-template\inc\gl\glut.h(367): warning C4005: 'GLUT_CURSOR_HELP': macro redefinition
  e:\opengl-template\opengl-template\opengl-template\inc\gl\freeglut_std.h(360): note: see previous definition of 'GLUT_CURSOR_HELP'
e:\opengl-template\opengl-template\opengl-template\inc\gl\glut.h(368): warning C4005: 'GLUT_CURSOR_CYCLE': macro redefinition
  e:\opengl-template\opengl-template\opengl-template\inc\gl\freeglut_std.h(361): note: see previous definition of 'GLUT_CURSOR_CYCLE'
e:\opengl-template\opengl-template\opengl-template\inc\gl\glut.h(369): warning C4005: 'GLUT_CURSOR_SPRAY': macro redefinition
  e:\opengl-template\opengl-template\opengl-template\inc\gl\freeglut_std.h(362): note: see previous definition of 'GLUT_CURSOR_SPRAY'
e:\opengl-template\opengl-template\opengl-template\inc\gl\glut.h(370): warning C4005: 'GLUT_CURSOR_WAIT': macro redefinition
  e:\opengl-template\opengl-template\opengl-template\inc\gl\freeglut_std.h(363): note: see previous definition of 'GLUT_CURSOR_WAIT'
e:\opengl-template\opengl-template\opengl-template\inc\gl\glut.h(371): warning C4005: 'GLUT_CURSOR_TEXT': macro redefinition
  e:\opengl-template\opengl-template\opengl-template\inc\gl\freeglut_std.h(364): note: see previous definition of 'GLUT_CURSOR_TEXT'
e:\opengl-template\opengl-template\opengl-template\inc\gl\glut.h(372): warning C4005: 'GLUT_CURSOR_CROSSHAIR': macro redefinition
  e:\opengl-template\opengl-template\opengl-template\inc\gl\freeglut_std.h(365): note: see previous definition of 'GLUT_CURSOR_CROSSHAIR'
e:\opengl-template\opengl-template\opengl-template\inc\gl\glut.h(374): warning C4005: 'GLUT_CURSOR_UP_DOWN': macro redefinition
  e:\opengl-template\opengl-template\opengl-template\inc\gl\freeglut_std.h(366): note: see previous definition of 'GLUT_CURSOR_UP_DOWN'
e:\opengl-template\opengl-template\opengl-template\inc\gl\glut.h(375): warning C4005: 'GLUT_CURSOR_LEFT_RIGHT': macro redefinition
  e:\opengl-template\opengl-template\opengl-template\inc\gl\freeglut_std.h(367): note: see previous definition of 'GLUT_CURSOR_LEFT_RIGHT'
e:\opengl-template\opengl-template\opengl-template\inc\gl\glut.h(377): warning C4005: 'GLUT_CURSOR_TOP_SIDE': macro redefinition
  e:\opengl-template\opengl-template\opengl-template\inc\gl\freeglut_std.h(368): note: see previous definition of 'GLUT_CURSOR_TOP_SIDE'
e:\opengl-template\opengl-template\opengl-template\inc\gl\glut.h(378): warning C4005: 'GLUT_CURSOR_BOTTOM_SIDE': macro redefinition
  e:\opengl-template\opengl-template\opengl-template\inc\gl\freeglut_std.h(369): note: see previous definition of 'GLUT_CURSOR_BOTTOM_SIDE'
e:\opengl-template\opengl-template\opengl-template\inc\gl\glut.h(379): warning C4005: 'GLUT_CURSOR_LEFT_SIDE': macro redefinition
  e:\opengl-template\opengl-template\opengl-template\inc\gl\freeglut_std.h(370): note: see previous definition of 'GLUT_CURSOR_LEFT_SIDE'
e:\opengl-template\opengl-template\opengl-template\inc\gl\glut.h(380): warning C4005: 'GLUT_CURSOR_RIGHT_SIDE': macro redefinition
  e:\opengl-template\opengl-template\opengl-template\inc\gl\freeglut_std.h(371): note: see previous definition of 'GLUT_CURSOR_RIGHT_SIDE'
e:\opengl-template\opengl-template\opengl-template\inc\gl\glut.h(381): warning C4005: 'GLUT_CURSOR_TOP_LEFT_CORNER': macro redefinition
  e:\opengl-template\opengl-template\opengl-template\inc\gl\freeglut_std.h(372): note: see previous definition of 'GLUT_CURSOR_TOP_LEFT_CORNER'
e:\opengl-template\opengl-template\opengl-template\inc\gl\glut.h(382): warning C4005: 'GLUT_CURSOR_TOP_RIGHT_CORNER': macro redefinition
  e:\opengl-template\opengl-template\opengl-template\inc\gl\freeglut_std.h(373): note: see previous definition of 'GLUT_CURSOR_TOP_RIGHT_CORNER'
e:\opengl-template\opengl-template\opengl-template\inc\gl\glut.h(383): warning C4005: 'GLUT_CURSOR_BOTTOM_RIGHT_CORNER': macro redefinition
  e:\opengl-template\opengl-template\opengl-template\inc\gl\freeglut_std.h(374): note: see previous definition of 'GLUT_CURSOR_BOTTOM_RIGHT_CORNER'
e:\opengl-template\opengl-template\opengl-template\inc\gl\glut.h(384): warning C4005: 'GLUT_CURSOR_BOTTOM_LEFT_CORNER': macro redefinition
  e:\opengl-template\opengl-template\opengl-template\inc\gl\freeglut_std.h(375): note: see previous definition of 'GLUT_CURSOR_BOTTOM_LEFT_CORNER'
e:\opengl-template\opengl-template\opengl-template\inc\gl\glut.h(386): warning C4005: 'GLUT_CURSOR_INHERIT': macro redefinition
  e:\opengl-template\opengl-template\opengl-template\inc\gl\freeglut_std.h(376): note: see previous definition of 'GLUT_CURSOR_INHERIT'
e:\opengl-template\opengl-template\opengl-template\inc\gl\glut.h(388): warning C4005: 'GLUT_CURSOR_NONE': macro redefinition
  e:\opengl-template\opengl-template\opengl-template\inc\gl\freeglut_std.h(377): note: see previous definition of 'GLUT_CURSOR_NONE'
e:\opengl-template\opengl-template\opengl-template\inc\gl\glut.h(390): warning C4005: 'GLUT_CURSOR_FULL_CROSSHAIR': macro redefinition
  e:\opengl-template\opengl-template\opengl-template\inc\gl\freeglut_std.h(378): note: see previous definition of 'GLUT_CURSOR_FULL_CROSSHAIR'
e:\opengl-template\opengl-template\opengl-template\inc\gl\glut.h(395): warning C4273: 'glutInitDisplayMode': inconsistent dll linkage
  e:\opengl-template\opengl-template\opengl-template\inc\gl\freeglut_std.h(416): note: see previous definition of 'glutInitDisplayMode'
e:\opengl-template\opengl-template\opengl-template\inc\gl\glut.h(397): warning C4273: 'glutInitDisplayString': inconsistent dll linkage
  e:\opengl-template\opengl-template\opengl-template\inc\gl\freeglut_std.h(417): note: see previous definition of 'glutInitDisplayString'
e:\opengl-template\opengl-template\opengl-template\inc\gl\glut.h(399): warning C4273: 'glutInitWindowPosition': inconsistent dll linkage
  e:\opengl-template\opengl-template\opengl-template\inc\gl\freeglut_std.h(414): note: see previous definition of 'glutInitWindowPosition'
e:\opengl-template\opengl-template\opengl-template\inc\gl\glut.h(400): warning C4273: 'glutInitWindowSize': inconsistent dll linkage
  e:\opengl-template\opengl-template\opengl-template\inc\gl\freeglut_std.h(415): note: see previous definition of 'glutInitWindowSize'
e:\opengl-template\opengl-template\opengl-template\inc\gl\glut.h(401): warning C4273: 'glutMainLoop': inconsistent dll linkage
  e:\opengl-template\opengl-template\opengl-template\inc\gl\freeglut_std.h(422): note: see previous definition of 'glutMainLoop'
e:\opengl-template\opengl-template\opengl-template\inc\gl\glut.h(405): warning C4273: 'glutCreateSubWindow': inconsistent dll linkage
  e:\opengl-template\opengl-template\opengl-template\inc\gl\freeglut_std.h(428): note: see previous definition of 'glutCreateSubWindow'
e:\opengl-template\opengl-template\opengl-template\inc\gl\glut.h(406): warning C4273: 'glutDestroyWindow': inconsistent dll linkage
  e:\opengl-template\opengl-template\opengl-template\inc\gl\freeglut_std.h(429): note: see previous definition of 'glutDestroyWindow'
e:\opengl-template\opengl-template\opengl-template\inc\gl\glut.h(407): warning C4273: 'glutPostRedisplay': inconsistent dll linkage
  e:\opengl-template\opengl-template\opengl-template\inc\gl\freeglut_std.h(447): note: see previous definition of 'glutPostRedisplay'
e:\opengl-template\opengl-template\opengl-template\inc\gl\glut.h(409): warning C4273: 'glutPostWindowRedisplay': inconsistent dll linkage
  e:\opengl-template\opengl-template\opengl-template\inc\gl\freeglut_std.h(446): note: see previous definition of 'glutPostWindowRedisplay'
e:\opengl-template\opengl-template\opengl-template\inc\gl\glut.h(411): warning C4273: 'glutSwapBuffers': inconsistent dll linkage
  e:\opengl-template\opengl-template\opengl-template\inc\gl\freeglut_std.h(448): note: see previous definition of 'glutSwapBuffers'
e:\opengl-template\opengl-template\opengl-template\inc\gl\glut.h(412): warning C4273: 'glutGetWindow': inconsistent dll linkage
  e:\opengl-template\opengl-template\opengl-template\inc\gl\freeglut_std.h(431): note: see previous definition of 'glutGetWindow'
e:\opengl-template\opengl-template\opengl-template\inc\gl\glut.h(413): warning C4273: 'glutSetWindow': inconsistent dll linkage
  e:\opengl-template\opengl-template\opengl-template\inc\gl\freeglut_std.h(430): note: see previous definition of 'glutSetWindow'
e:\opengl-template\opengl-template\opengl-template\inc\gl\glut.h(414): warning C4273: 'glutSetWindowTitle': inconsistent dll linkage
  e:\opengl-template\opengl-template\opengl-template\inc\gl\freeglut_std.h(432): note: see previous definition of 'glutSetWindowTitle'
e:\opengl-template\opengl-template\opengl-template\inc\gl\glut.h(415): warning C4273: 'glutSetIconTitle': inconsistent dll linkage
  e:\opengl-template\opengl-template\opengl-template\inc\gl\freeglut_std.h(433): note: see previous definition of 'glutSetIconTitle'
e:\opengl-template\opengl-template\opengl-template\inc\gl\glut.h(416): warning C4273: 'glutPositionWindow': inconsistent dll linkage
  e:\opengl-template\opengl-template\opengl-template\inc\gl\freeglut_std.h(435): note: see previous definition of 'glutPositionWindow'
e:\opengl-template\opengl-template\opengl-template\inc\gl\glut.h(417): warning C4273: 'glutReshapeWindow': inconsistent dll linkage
  e:\opengl-template\opengl-template\opengl-template\inc\gl\freeglut_std.h(434): note: see previous definition of 'glutReshapeWindow'
e:\opengl-template\opengl-template\opengl-template\inc\gl\glut.h(418): warning C4273: 'glutPopWindow': inconsistent dll linkage
  e:\opengl-template\opengl-template\opengl-template\inc\gl\freeglut_std.h(440): note: see previous definition of 'glutPopWindow'
e:\opengl-template\opengl-template\opengl-template\inc\gl\glut.h(419): warning C4273: 'glutPushWindow': inconsistent dll linkage
  e:\opengl-template\opengl-template\opengl-template\inc\gl\freeglut_std.h(439): note: see previous definition of 'glutPushWindow'
e:\opengl-template\opengl-template\opengl-template\inc\gl\glut.h(420): warning C4273: 'glutIconifyWindow': inconsistent dll linkage
  e:\opengl-template\opengl-template\opengl-template\inc\gl\freeglut_std.h(438): note: see previous definition of 'glutIconifyWindow'
e:\opengl-template\opengl-template\opengl-template\inc\gl\glut.h(421): warning C4273: 'glutShowWindow': inconsistent dll linkage
  e:\opengl-template\opengl-template\opengl-template\inc\gl\freeglut_std.h(436): note: see previous definition of 'glutShowWindow'
e:\opengl-template\opengl-template\opengl-template\inc\gl\glut.h(422): warning C4273: 'glutHideWindow': inconsistent dll linkage
  e:\opengl-template\opengl-template\opengl-template\inc\gl\freeglut_std.h(437): note: see previous definition of 'glutHideWindow'
e:\opengl-template\opengl-template\opengl-template\inc\gl\glut.h(424): warning C4273: 'glutFullScreen': inconsistent dll linkage
  e:\opengl-template\opengl-template\opengl-template\inc\gl\freeglut_std.h(441): note: see previous definition of 'glutFullScreen'
e:\opengl-template\opengl-template\opengl-template\inc\gl\glut.h(425): warning C4273: 'glutSetCursor': inconsistent dll linkage
  e:\opengl-template\opengl-template\opengl-template\inc\gl\freeglut_std.h(454): note: see previous definition of 'glutSetCursor'
e:\opengl-template\opengl-template\opengl-template\inc\gl\glut.h(427): warning C4273: 'glutWarpPointer': inconsistent dll linkage
  e:\opengl-template\opengl-template\opengl-template\inc\gl\freeglut_std.h(453): note: see previous definition of 'glutWarpPointer'
e:\opengl-template\opengl-template\opengl-template\inc\gl\glut.h(431): warning C4273: 'glutEstablishOverlay': inconsistent dll linkage
  e:\opengl-template\opengl-template\opengl-template\inc\gl\freeglut_std.h(459): note: see previous definition of 'glutEstablishOverlay'
e:\opengl-template\opengl-template\opengl-template\inc\gl\glut.h(432): warning C4273: 'glutRemoveOverlay': inconsistent dll linkage
  e:\opengl-template\opengl-template\opengl-template\inc\gl\freeglut_std.h(460): note: see previous definition of 'glutRemoveOverlay'
e:\opengl-template\opengl-template\opengl-template\inc\gl\glut.h(433): warning C4273: 'glutUseLayer': inconsistent dll linkage
  e:\opengl-template\opengl-template\opengl-template\inc\gl\freeglut_std.h(461): note: see previous definition of 'glutUseLayer'
e:\opengl-template\opengl-template\opengl-template\inc\gl\glut.h(434): warning C4273: 'glutPostOverlayRedisplay': inconsistent dll linkage
  e:\opengl-template\opengl-template\opengl-template\inc\gl\freeglut_std.h(462): note: see previous definition of 'glutPostOverlayRedisplay'
e:\opengl-template\opengl-template\opengl-template\inc\gl\glut.h(436): warning C4273: 'glutPostWindowOverlayRedisplay': inconsistent dll linkage
  e:\opengl-template\opengl-template\opengl-template\inc\gl\freeglut_std.h(463): note: see previous definition of 'glutPostWindowOverlayRedisplay'
e:\opengl-template\opengl-template\opengl-template\inc\gl\glut.h(438): warning C4273: 'glutShowOverlay': inconsistent dll linkage
  e:\opengl-template\opengl-template\opengl-template\inc\gl\freeglut_std.h(464): note: see previous definition of 'glutShowOverlay'
e:\opengl-template\opengl-template\opengl-template\inc\gl\glut.h(439): warning C4273: 'glutHideOverlay': inconsistent dll linkage
  e:\opengl-template\opengl-template\opengl-template\inc\gl\freeglut_std.h(465): note: see previous definition of 'glutHideOverlay'
e:\opengl-template\opengl-template\opengl-template\inc\gl\glut.h(444): warning C4273: 'glutDestroyMenu': inconsistent dll linkage
  e:\opengl-template\opengl-template\opengl-template\inc\gl\freeglut_std.h(471): note: see previous definition of 'glutDestroyMenu'
e:\opengl-template\opengl-template\opengl-template\inc\gl\glut.h(445): warning C4273: 'glutGetMenu': inconsistent dll linkage
  e:\opengl-template\opengl-template\opengl-template\inc\gl\freeglut_std.h(472): note: see previous definition of 'glutGetMenu'
e:\opengl-template\opengl-template\opengl-template\inc\gl\glut.h(446): warning C4273: 'glutSetMenu': inconsistent dll linkage
  e:\opengl-template\opengl-template\opengl-template\inc\gl\freeglut_std.h(473): note: see previous definition of 'glutSetMenu'
e:\opengl-template\opengl-template\opengl-template\inc\gl\glut.h(447): warning C4273: 'glutAddMenuEntry': inconsistent dll linkage
  e:\opengl-template\opengl-template\opengl-template\inc\gl\freeglut_std.h(474): note: see previous definition of 'glutAddMenuEntry'
e:\opengl-template\opengl-template\opengl-template\inc\gl\glut.h(448): warning C4273: 'glutAddSubMenu': inconsistent dll linkage
  e:\opengl-template\opengl-template\opengl-template\inc\gl\freeglut_std.h(475): note: see previous definition of 'glutAddSubMenu'
e:\opengl-template\opengl-template\opengl-template\inc\gl\glut.h(449): warning C4273: 'glutChangeToMenuEntry': inconsistent dll linkage
  e:\opengl-template\opengl-template\opengl-template\inc\gl\freeglut_std.h(476): note: see previous definition of 'glutChangeToMenuEntry'
e:\opengl-template\opengl-template\opengl-template\inc\gl\glut.h(450): warning C4273: 'glutChangeToSubMenu': inconsistent dll linkage
  e:\opengl-template\opengl-template\opengl-template\inc\gl\freeglut_std.h(477): note: see previous definition of 'glutChangeToSubMenu'
e:\opengl-template\opengl-template\opengl-template\inc\gl\glut.h(451): warning C4273: 'glutRemoveMenuItem': inconsistent dll linkage
  e:\opengl-template\opengl-template\opengl-template\inc\gl\freeglut_std.h(478): note: see previous definition of 'glutRemoveMenuItem'
e:\opengl-template\opengl-template\opengl-template\inc\gl\glut.h(452): warning C4273: 'glutAttachMenu': inconsistent dll linkage
  e:\opengl-template\opengl-template\opengl-template\inc\gl\freeglut_std.h(479): note: see previous definition of 'glutAttachMenu'
e:\opengl-template\opengl-template\opengl-template\inc\gl\glut.h(453): warning C4273: 'glutDetachMenu': inconsistent dll linkage
  e:\opengl-template\opengl-template\opengl-template\inc\gl\freeglut_std.h(480): note: see previous definition of 'glutDetachMenu'
e:\opengl-template\opengl-template\opengl-template\inc\gl\glut.h(456): warning C4273: 'glutDisplayFunc': inconsistent dll linkage
  e:\opengl-template\opengl-template\opengl-template\inc\gl\freeglut_std.h(495): note: see previous definition of 'glutDisplayFunc'
e:\opengl-template\opengl-template\opengl-template\inc\gl\glut.h(457): warning C4273: 'glutReshapeFunc': inconsistent dll linkage
  e:\opengl-template\opengl-template\opengl-template\inc\gl\freeglut_std.h(493): note: see previous definition of 'glutReshapeFunc'
e:\opengl-template\opengl-template\opengl-template\inc\gl\glut.h(458): warning C4273: 'glutKeyboardFunc': inconsistent dll linkage
  e:\opengl-template\opengl-template\opengl-template\inc\gl\freeglut_std.h(491): note: see previous definition of 'glutKeyboardFunc'
e:\opengl-template\opengl-template\opengl-template\inc\gl\glut.h(459): warning C4273: 'glutMouseFunc': inconsistent dll linkage
  e:\opengl-template\opengl-template\opengl-template\inc\gl\freeglut_std.h(496): note: see previous definition of 'glutMouseFunc'
e:\opengl-template\opengl-template\opengl-template\inc\gl\glut.h(460): warning C4273: 'glutMotionFunc': inconsistent dll linkage
  e:\opengl-template\opengl-template\opengl-template\inc\gl\freeglut_std.h(497): note: see previous definition of 'glutMotionFunc'
e:\opengl-template\opengl-template\opengl-template\inc\gl\glut.h(461): warning C4273: 'glutPassiveMotionFunc': inconsistent dll linkage
  e:\opengl-template\opengl-template\opengl-template\inc\gl\freeglut_std.h(498): note: see previous definition of 'glutPassiveMotionFunc'
e:\opengl-template\opengl-template\opengl-template\inc\gl\glut.h(462): warning C4273: 'glutEntryFunc': inconsistent dll linkage
  e:\opengl-template\opengl-template\opengl-template\inc\gl\freeglut_std.h(499): note: see previous definition of 'glutEntryFunc'
e:\opengl-template\opengl-template\opengl-template\inc\gl\glut.h(463): warning C4273: 'glutVisibilityFunc': inconsistent dll linkage
  e:\opengl-template\opengl-template\opengl-template\inc\gl\freeglut_std.h(494): note: see previous definition of 'glutVisibilityFunc'
e:\opengl-template\opengl-template\opengl-template\inc\gl\glut.h(464): warning C4273: 'glutIdleFunc': inconsistent dll linkage
  e:\opengl-template\opengl-template\opengl-template\inc\gl\freeglut_std.h(486): note: see previous definition of 'glutIdleFunc'
e:\opengl-template\opengl-template\opengl-template\inc\gl\glut.h(465): warning C4273: 'glutTimerFunc': inconsistent dll linkage
  e:\opengl-template\opengl-template\opengl-template\inc\gl\freeglut_std.h(485): note: see previous definition of 'glutTimerFunc'
e:\opengl-template\opengl-template\opengl-template\inc\gl\glut.h(466): warning C4273: 'glutMenuStateFunc': inconsistent dll linkage
  e:\opengl-template\opengl-template\opengl-template\inc\gl\freeglut_std.h(504): note: see previous definition of 'glutMenuStateFunc'
e:\opengl-template\opengl-template\opengl-template\inc\gl\glut.h(468): warning C4273: 'glutSpecialFunc': inconsistent dll linkage
  e:\opengl-template\opengl-template\opengl-template\inc\gl\freeglut_std.h(492): note: see previous definition of 'glutSpecialFunc'
e:\opengl-template\opengl-template\opengl-template\inc\gl\glut.h(469): warning C4273: 'glutSpaceballMotionFunc': inconsistent dll linkage
  e:\opengl-template\opengl-template\opengl-template\inc\gl\freeglut_std.h(509): note: see previous definition of 'glutSpaceballMotionFunc'
e:\opengl-template\opengl-template\opengl-template\inc\gl\glut.h(470): warning C4273: 'glutSpaceballRotateFunc': inconsistent dll linkage
  e:\opengl-template\opengl-template\opengl-template\inc\gl\freeglut_std.h(510): note: see previous definition of 'glutSpaceballRotateFunc'
e:\opengl-template\opengl-template\opengl-template\inc\gl\glut.h(471): warning C4273: 'glutSpaceballButtonFunc': inconsistent dll linkage
  e:\opengl-template\opengl-template\opengl-template\inc\gl\freeglut_std.h(511): note: see previous definition of 'glutSpaceballButtonFunc'
e:\opengl-template\opengl-template\opengl-template\inc\gl\glut.h(472): warning C4273: 'glutButtonBoxFunc': inconsistent dll linkage
  e:\opengl-template\opengl-template\opengl-template\inc\gl\freeglut_std.h(512): note: see previous definition of 'glutButtonBoxFunc'
e:\opengl-template\opengl-template\opengl-template\inc\gl\glut.h(473): warning C4273: 'glutDialsFunc': inconsistent dll linkage
  e:\opengl-template\opengl-template\opengl-template\inc\gl\freeglut_std.h(513): note: see previous definition of 'glutDialsFunc'
e:\opengl-template\opengl-template\opengl-template\inc\gl\glut.h(474): warning C4273: 'glutTabletMotionFunc': inconsistent dll linkage
  e:\opengl-template\opengl-template\opengl-template\inc\gl\freeglut_std.h(514): note: see previous definition of 'glutTabletMotionFunc'
e:\opengl-template\opengl-template\opengl-template\inc\gl\glut.h(475): warning C4273: 'glutTabletButtonFunc': inconsistent dll linkage
  e:\opengl-template\opengl-template\opengl-template\inc\gl\freeglut_std.h(515): note: see previous definition of 'glutTabletButtonFunc'
e:\opengl-template\opengl-template\opengl-template\inc\gl\glut.h(477): warning C4273: 'glutMenuStatusFunc': inconsistent dll linkage
  e:\opengl-template\opengl-template\opengl-template\inc\gl\freeglut_std.h(505): note: see previous definition of 'glutMenuStatusFunc'
e:\opengl-template\opengl-template\opengl-template\inc\gl\glut.h(478): warning C4273: 'glutOverlayDisplayFunc': inconsistent dll linkage
  e:\opengl-template\opengl-template\opengl-template\inc\gl\freeglut_std.h(506): note: see previous definition of 'glutOverlayDisplayFunc'
e:\opengl-template\opengl-template\opengl-template\inc\gl\glut.h(480): warning C4273: 'glutWindowStatusFunc': inconsistent dll linkage
  e:\opengl-template\opengl-template\opengl-template\inc\gl\freeglut_std.h(507): note: see previous definition of 'glutWindowStatusFunc'
e:\opengl-template\opengl-template\opengl-template\inc\gl\glut.h(483): warning C4273: 'glutKeyboardUpFunc': inconsistent dll linkage
  e:\opengl-template\opengl-template\opengl-template\inc\gl\freeglut_std.h(501): note: see previous definition of 'glutKeyboardUpFunc'
e:\opengl-template\opengl-template\opengl-template\inc\gl\glut.h(484): warning C4273: 'glutSpecialUpFunc': inconsistent dll linkage
  e:\opengl-template\opengl-template\opengl-template\inc\gl\freeglut_std.h(502): note: see previous definition of 'glutSpecialUpFunc'
e:\opengl-template\opengl-template\opengl-template\inc\gl\glut.h(485): warning C4273: 'glutJoystickFunc': inconsistent dll linkage
  e:\opengl-template\opengl-template\opengl-template\inc\gl\freeglut_std.h(503): note: see previous definition of 'glutJoystickFunc'
e:\opengl-template\opengl-template\opengl-template\inc\gl\glut.h(491): warning C4273: 'glutSetColor': inconsistent dll linkage
  e:\opengl-template\opengl-template\opengl-template\inc\gl\freeglut_std.h(585): note: see previous definition of 'glutSetColor'
e:\opengl-template\opengl-template\opengl-template\inc\gl\glut.h(492): warning C4273: 'glutGetColor': inconsistent dll linkage
  e:\opengl-template\opengl-template\opengl-template\inc\gl\freeglut_std.h(586): note: see previous definition of 'glutGetColor'
e:\opengl-template\opengl-template\opengl-template\inc\gl\glut.h(493): warning C4273: 'glutCopyColormap': inconsistent dll linkage
  e:\opengl-template\opengl-template\opengl-template\inc\gl\freeglut_std.h(587): note: see previous definition of 'glutCopyColormap'
e:\opengl-template\opengl-template\opengl-template\inc\gl\glut.h(496): warning C4273: 'glutGet': inconsistent dll linkage
  e:\opengl-template\opengl-template\opengl-template\inc\gl\freeglut_std.h(520): note: see previous definition of 'glutGet'
e:\opengl-template\opengl-template\opengl-template\inc\gl\glut.h(497): warning C4273: 'glutDeviceGet': inconsistent dll linkage
  e:\opengl-template\opengl-template\opengl-template\inc\gl\freeglut_std.h(521): note: see previous definition of 'glutDeviceGet'
e:\opengl-template\opengl-template\opengl-template\inc\gl\glut.h(500): warning C4273: 'glutExtensionSupported': inconsistent dll linkage
  e:\opengl-template\opengl-template\opengl-template\inc\gl\freeglut_std.h(599): note: see previous definition of 'glutExtensionSupported'
e:\opengl-template\opengl-template\opengl-template\inc\gl\glut.h(503): warning C4273: 'glutGetModifiers': inconsistent dll linkage
  e:\opengl-template\opengl-template\opengl-template\inc\gl\freeglut_std.h(522): note: see previous definition of 'glutGetModifiers'
e:\opengl-template\opengl-template\opengl-template\inc\gl\glut.h(504): warning C4273: 'glutLayerGet': inconsistent dll linkage
  e:\opengl-template\opengl-template\opengl-template\inc\gl\freeglut_std.h(523): note: see previous definition of 'glutLayerGet'
e:\opengl-template\opengl-template\opengl-template\inc\gl\glut.h(508): warning C4273: 'glutBitmapCharacter': inconsistent dll linkage
  e:\opengl-template\opengl-template\opengl-template\inc\gl\freeglut_std.h(528): note: see previous definition of 'glutBitmapCharacter'
e:\opengl-template\opengl-template\opengl-template\inc\gl\glut.h(509): warning C4273: 'glutBitmapWidth': inconsistent dll linkage
  e:\opengl-template\opengl-template\opengl-template\inc\gl\freeglut_std.h(529): note: see previous definition of 'glutBitmapWidth'
e:\opengl-template\opengl-template\opengl-template\inc\gl\glut.h(510): warning C4273: 'glutStrokeCharacter': inconsistent dll linkage
  e:\opengl-template\opengl-template\opengl-template\inc\gl\freeglut_std.h(530): note: see previous definition of 'glutStrokeCharacter'
e:\opengl-template\opengl-template\opengl-template\inc\gl\glut.h(511): warning C4273: 'glutStrokeWidth': inconsistent dll linkage
  e:\opengl-template\opengl-template\opengl-template\inc\gl\freeglut_std.h(531): note: see previous definition of 'glutStrokeWidth'
e:\opengl-template\opengl-template\opengl-template\inc\gl\glut.h(513): warning C4273: 'glutBitmapLength': inconsistent dll linkage
  e:\opengl-template\opengl-template\opengl-template\inc\gl\freeglut_std.h(533): note: see previous definition of 'glutBitmapLength'
e:\opengl-template\opengl-template\opengl-template\inc\gl\glut.h(514): warning C4273: 'glutStrokeLength': inconsistent dll linkage
  e:\opengl-template\opengl-template\opengl-template\inc\gl\freeglut_std.h(534): note: see previous definition of 'glutStrokeLength'
e:\opengl-template\opengl-template\opengl-template\inc\gl\glut.h(518): warning C4273: 'glutWireSphere': inconsistent dll linkage
  e:\opengl-template\opengl-template\opengl-template\inc\gl\freeglut_std.h(543): note: see previous definition of 'glutWireSphere'
e:\opengl-template\opengl-template\opengl-template\inc\gl\glut.h(519): warning C4273: 'glutSolidSphere': inconsistent dll linkage
  e:\opengl-template\opengl-template\opengl-template\inc\gl\freeglut_std.h(544): note: see previous definition of 'glutSolidSphere'
e:\opengl-template\opengl-template\opengl-template\inc\gl\glut.h(520): warning C4273: 'glutWireCone': inconsistent dll linkage
  e:\opengl-template\opengl-template\opengl-template\inc\gl\freeglut_std.h(545): note: see previous definition of 'glutWireCone'
e:\opengl-template\opengl-template\opengl-template\inc\gl\glut.h(521): warning C4273: 'glutSolidCone': inconsistent dll linkage
  e:\opengl-template\opengl-template\opengl-template\inc\gl\freeglut_std.h(546): note: see previous definition of 'glutSolidCone'
e:\opengl-template\opengl-template\opengl-template\inc\gl\glut.h(522): warning C4273: 'glutWireCube': inconsistent dll linkage
  e:\opengl-template\opengl-template\opengl-template\inc\gl\freeglut_std.h(541): note: see previous definition of 'glutWireCube'
e:\opengl-template\opengl-template\opengl-template\inc\gl\glut.h(523): warning C4273: 'glutSolidCube': inconsistent dll linkage
  e:\opengl-template\opengl-template\opengl-template\inc\gl\freeglut_std.h(542): note: see previous definition of 'glutSolidCube'
e:\opengl-template\opengl-template\opengl-template\inc\gl\glut.h(524): warning C4273: 'glutWireTorus': inconsistent dll linkage
  e:\opengl-template\opengl-template\opengl-template\inc\gl\freeglut_std.h(547): note: see previous definition of 'glutWireTorus'
e:\opengl-template\opengl-template\opengl-template\inc\gl\glut.h(525): warning C4273: 'glutSolidTorus': inconsistent dll linkage
  e:\opengl-template\opengl-template\opengl-template\inc\gl\freeglut_std.h(548): note: see previous definition of 'glutSolidTorus'
e:\opengl-template\opengl-template\opengl-template\inc\gl\glut.h(526): warning C4273: 'glutWireDodecahedron': inconsistent dll linkage
  e:\opengl-template\opengl-template\opengl-template\inc\gl\freeglut_std.h(549): note: see previous definition of 'glutWireDodecahedron'
e:\opengl-template\opengl-template\opengl-template\inc\gl\glut.h(527): warning C4273: 'glutSolidDodecahedron': inconsistent dll linkage
  e:\opengl-template\opengl-template\opengl-template\inc\gl\freeglut_std.h(550): note: see previous definition of 'glutSolidDodecahedron'
e:\opengl-template\opengl-template\opengl-template\inc\gl\glut.h(528): warning C4273: 'glutWireTeapot': inconsistent dll linkage
  e:\opengl-template\opengl-template\opengl-template\inc\gl\freeglut_std.h(562): note: see previous definition of 'glutWireTeapot'
e:\opengl-template\opengl-template\opengl-template\inc\gl\glut.h(529): warning C4273: 'glutSolidTeapot': inconsistent dll linkage
  e:\opengl-template\opengl-template\opengl-template\inc\gl\freeglut_std.h(563): note: see previous definition of 'glutSolidTeapot'
e:\opengl-template\opengl-template\opengl-template\inc\gl\glut.h(530): warning C4273: 'glutWireOctahedron': inconsistent dll linkage
  e:\opengl-template\opengl-template\opengl-template\inc\gl\freeglut_std.h(551): note: see previous definition of 'glutWireOctahedron'
e:\opengl-template\opengl-template\opengl-template\inc\gl\glut.h(531): warning C4273: 'glutSolidOctahedron': inconsistent dll linkage
  e:\opengl-template\opengl-template\opengl-template\inc\gl\freeglut_std.h(552): note: see previous definition of 'glutSolidOctahedron'
e:\opengl-template\opengl-template\opengl-template\inc\gl\glut.h(532): warning C4273: 'glutWireTetrahedron': inconsistent dll linkage
  e:\opengl-template\opengl-template\opengl-template\inc\gl\freeglut_std.h(553): note: see previous definition of 'glutWireTetrahedron'
e:\opengl-template\opengl-template\opengl-template\inc\gl\glut.h(533): warning C4273: 'glutSolidTetrahedron': inconsistent dll linkage
  e:\opengl-template\opengl-template\opengl-template\inc\gl\freeglut_std.h(554): note: see previous definition of 'glutSolidTetrahedron'
e:\opengl-template\opengl-template\opengl-template\inc\gl\glut.h(534): warning C4273: 'glutWireIcosahedron': inconsistent dll linkage
  e:\opengl-template\opengl-template\opengl-template\inc\gl\freeglut_std.h(555): note: see previous definition of 'glutWireIcosahedron'
e:\opengl-template\opengl-template\opengl-template\inc\gl\glut.h(535): warning C4273: 'glutSolidIcosahedron': inconsistent dll linkage
  e:\opengl-template\opengl-template\opengl-template\inc\gl\freeglut_std.h(556): note: see previous definition of 'glutSolidIcosahedron'
e:\opengl-template\opengl-template\opengl-template\inc\gl\glut.h(539): warning C4273: 'glutVideoResizeGet': inconsistent dll linkage
  e:\opengl-template\opengl-template\opengl-template\inc\gl\freeglut_std.h(576): note: see previous definition of 'glutVideoResizeGet'
e:\opengl-template\opengl-template\opengl-template\inc\gl\glut.h(540): warning C4273: 'glutSetupVideoResizing': inconsistent dll linkage
  e:\opengl-template\opengl-template\opengl-template\inc\gl\freeglut_std.h(577): note: see previous definition of 'glutSetupVideoResizing'
e:\opengl-template\opengl-template\opengl-template\inc\gl\glut.h(541): warning C4273: 'glutStopVideoResizing': inconsistent dll linkage
  e:\opengl-template\opengl-template\opengl-template\inc\gl\freeglut_std.h(578): note: see previous definition of 'glutStopVideoResizing'
e:\opengl-template\opengl-template\opengl-template\inc\gl\glut.h(542): warning C4273: 'glutVideoResize': inconsistent dll linkage
  e:\opengl-template\opengl-template\opengl-template\inc\gl\freeglut_std.h(579): note: see previous definition of 'glutVideoResize'
e:\opengl-template\opengl-template\opengl-template\inc\gl\glut.h(543): warning C4273: 'glutVideoPan': inconsistent dll linkage
  e:\opengl-template\opengl-template\opengl-template\inc\gl\freeglut_std.h(580): note: see previous definition of 'glutVideoPan'
e:\opengl-template\opengl-template\opengl-template\inc\gl\glut.h(546): warning C4273: 'glutReportErrors': inconsistent dll linkage
  e:\opengl-template\opengl-template\opengl-template\inc\gl\freeglut_std.h(600): note: see previous definition of 'glutReportErrors'
e:\opengl-template\opengl-template\opengl-template\inc\gl\glut.h(552): warning C4005: 'GLUT_KEY_REPEAT_OFF': macro redefinition
  e:\opengl-template\opengl-template\opengl-template\inc\gl\freeglut_std.h(390): note: see previous definition of 'GLUT_KEY_REPEAT_OFF'
e:\opengl-template\opengl-template\opengl-template\inc\gl\glut.h(553): warning C4005: 'GLUT_KEY_REPEAT_ON': macro redefinition
  e:\opengl-template\opengl-template\opengl-template\inc\gl\freeglut_std.h(391): note: see previous definition of 'GLUT_KEY_REPEAT_ON'
e:\opengl-template\opengl-template\opengl-template\inc\gl\glut.h(554): warning C4005: 'GLUT_KEY_REPEAT_DEFAULT': macro redefinition
  e:\opengl-template\opengl-template\opengl-template\inc\gl\freeglut_std.h(392): note: see previous definition of 'GLUT_KEY_REPEAT_DEFAULT'
e:\opengl-template\opengl-template\opengl-template\inc\gl\glut.h(557): warning C4005: 'GLUT_JOYSTICK_BUTTON_A': macro redefinition
  e:\opengl-template\opengl-template\opengl-template\inc\gl\freeglut_std.h(394): note: see previous definition of 'GLUT_JOYSTICK_BUTTON_A'
e:\opengl-template\opengl-template\opengl-template\inc\gl\glut.h(558): warning C4005: 'GLUT_JOYSTICK_BUTTON_B': macro redefinition
  e:\opengl-template\opengl-template\opengl-template\inc\gl\freeglut_std.h(395): note: see previous definition of 'GLUT_JOYSTICK_BUTTON_B'
e:\opengl-template\opengl-template\opengl-template\inc\gl\glut.h(559): warning C4005: 'GLUT_JOYSTICK_BUTTON_C': macro redefinition
  e:\opengl-template\opengl-template\opengl-template\inc\gl\freeglut_std.h(396): note: see previous definition of 'GLUT_JOYSTICK_BUTTON_C'
e:\opengl-template\opengl-template\opengl-template\inc\gl\glut.h(560): warning C4005: 'GLUT_JOYSTICK_BUTTON_D': macro redefinition
  e:\opengl-template\opengl-template\opengl-template\inc\gl\freeglut_std.h(397): note: see previous definition of 'GLUT_JOYSTICK_BUTTON_D'
e:\opengl-template\opengl-template\opengl-template\inc\gl\glut.h(562): warning C4273: 'glutIgnoreKeyRepeat': inconsistent dll linkage
  e:\opengl-template\opengl-template\opengl-template\inc\gl\freeglut_std.h(592): note: see previous definition of 'glutIgnoreKeyRepeat'
e:\opengl-template\opengl-template\opengl-template\inc\gl\glut.h(563): warning C4273: 'glutSetKeyRepeat': inconsistent dll linkage
  e:\opengl-template\opengl-template\opengl-template\inc\gl\freeglut_std.h(593): note: see previous definition of 'glutSetKeyRepeat'
e:\opengl-template\opengl-template\opengl-template\inc\gl\glut.h(564): warning C4273: 'glutForceJoystickFunc': inconsistent dll linkage
  e:\opengl-template\opengl-template\opengl-template\inc\gl\freeglut_std.h(594): note: see previous definition of 'glutForceJoystickFunc'
e:\opengl-template\opengl-template\opengl-template\inc\gl\glut.h(568): warning C4005: 'GLUT_GAME_MODE_ACTIVE': macro redefinition
  e:\opengl-template\opengl-template\opengl-template\inc\gl\freeglut_std.h(402): note: see previous definition of 'GLUT_GAME_MODE_ACTIVE'
e:\opengl-template\opengl-template\opengl-template\inc\gl\glut.h(569): warning C4005: 'GLUT_GAME_MODE_POSSIBLE': macro redefinition
  e:\opengl-template\opengl-template\opengl-template\inc\gl\freeglut_std.h(403): note: see previous definition of 'GLUT_GAME_MODE_POSSIBLE'
e:\opengl-template\opengl-template\opengl-template\inc\gl\glut.h(570): warning C4005: 'GLUT_GAME_MODE_WIDTH': macro redefinition
  e:\opengl-template\opengl-template\opengl-template\inc\gl\freeglut_std.h(404): note: see previous definition of 'GLUT_GAME_MODE_WIDTH'
e:\opengl-template\opengl-template\opengl-template\inc\gl\glut.h(571): warning C4005: 'GLUT_GAME_MODE_HEIGHT': macro redefinition
  e:\opengl-template\opengl-template\opengl-template\inc\gl\freeglut_std.h(405): note: see previous definition of 'GLUT_GAME_MODE_HEIGHT'
e:\opengl-template\opengl-template\opengl-template\inc\gl\glut.h(572): warning C4005: 'GLUT_GAME_MODE_PIXEL_DEPTH': macro redefinition
  e:\opengl-template\opengl-template\opengl-template\inc\gl\freeglut_std.h(406): note: see previous definition of 'GLUT_GAME_MODE_PIXEL_DEPTH'
e:\opengl-template\opengl-template\opengl-template\inc\gl\glut.h(573): warning C4005: 'GLUT_GAME_MODE_REFRESH_RATE': macro redefinition
  e:\opengl-template\opengl-template\opengl-template\inc\gl\freeglut_std.h(407): note: see previous definition of 'GLUT_GAME_MODE_REFRESH_RATE'
e:\opengl-template\opengl-template\opengl-template\inc\gl\glut.h(574): warning C4005: 'GLUT_GAME_MODE_DISPLAY_CHANGED': macro redefinition
  e:\opengl-template\opengl-template\opengl-template\inc\gl\freeglut_std.h(408): note: see previous definition of 'GLUT_GAME_MODE_DISPLAY_CHANGED'
e:\opengl-template\opengl-template\opengl-template\inc\gl\glut.h(576): warning C4273: 'glutGameModeString': inconsistent dll linkage
  e:\opengl-template\opengl-template\opengl-template\inc\gl\freeglut_std.h(568): note: see previous definition of 'glutGameModeString'
e:\opengl-template\opengl-template\opengl-template\inc\gl\glut.h(577): warning C4273: 'glutEnterGameMode': inconsistent dll linkage
  e:\opengl-template\opengl-template\opengl-template\inc\gl\freeglut_std.h(569): note: see previous definition of 'glutEnterGameMode'
e:\opengl-template\opengl-template\opengl-template\inc\gl\glut.h(578): warning C4273: 'glutLeaveGameMode': inconsistent dll linkage
  e:\opengl-template\opengl-template\opengl-template\inc\gl\freeglut_std.h(570): note: see previous definition of 'glutLeaveGameMode'
e:\opengl-template\opengl-template\opengl-template\inc\gl\glut.h(579): warning C4273: 'glutGameModeGet': inconsistent dll linkage
  e:\opengl-template\opengl-template\opengl-template\inc\gl\freeglut_std.h(571): note: see previous definition of 'glutGameModeGet'
  opengl-template.vcxproj -> E:\opengl-template\opengl-template\x64\Debug\opengl-template.exe
